<?xml version="1.0" encoding="UTF-8"?>
<!-- Generated by org.testng.reporters.JUnitReportReporter -->
<testsuite hostname="ip-192-168-0-103.ap-south-1.compute.internal" failures="0" tests="1" name="com.mamaearth.TestCase.TC_StaticPagesVerification" time="14.496" errors="0" timestamp="2023-03-21T15:39:10 IST" skipped="0">
  <testcase classname="com.mamaearth.TestCase.TC_StaticPagesVerification" name="Test_mamaearth_PrivacyPolicy_Page" time="14.496"/>
  <system-out/>
</testsuite> <!-- com.mamaearth.TestCase.TC_StaticPagesVerification -->
