<?xml version="1.0" encoding="UTF-8"?>
<!-- Generated by org.testng.reporters.JUnitReportReporter -->
<testsuite hostname="ip-192-168-3-50.ap-south-1.compute.internal" failures="0" tests="58" name="com.mamaearth.TestCase.TC_VerifyAllCategories" time="98.112" errors="0" timestamp="2023-04-06T14:02:46 IST" skipped="0">
  <testcase classname="com.mamaearth.TestCase.TC_VerifyAllCategories" name="Test_mamaearth_launching" time="0.097"/>
  <system-out/>
  <testcase classname="com.mamaearth.TestCase.TC_VerifyAllCategories" name="Test_mamaearth_category_Beauty_launching" time="3.638"/>
  <system-out/>
  <testcase classname="com.mamaearth.TestCase.TC_VerifyAllCategories" name="Test_mamaearth_category_Beauty_Fragrance_launching" time="1.870"/>
  <system-out/>
  <testcase classname="com.mamaearth.TestCase.TC_VerifyAllCategories" name="Test_mamaearth_category_Beauty_FacialKits_launching" time="1.033"/>
  <system-out/>
  <testcase classname="com.mamaearth.TestCase.TC_VerifyAllCategories" name="Test_mamaearth_category_Hair_launching" time="1.503"/>
  <system-out/>
  <testcase classname="com.mamaearth.TestCase.TC_VerifyAllCategories" name="Test_mamaearth_category_Hair_Shampoo_launching" time="1.440"/>
  <system-out/>
  <testcase classname="com.mamaearth.TestCase.TC_VerifyAllCategories" name="Test_mamaearth_category_Hair_Conditioner_launching" time="1.081"/>
  <system-out/>
  <testcase classname="com.mamaearth.TestCase.TC_VerifyAllCategories" name="Test_mamaearth_category_Hair_HairOil_launching" time="1.161"/>
  <system-out/>
  <testcase classname="com.mamaearth.TestCase.TC_VerifyAllCategories" name="Test_mamaearth_category_Hair_HairMask_launching" time="1.232"/>
  <system-out/>
  <testcase classname="com.mamaearth.TestCase.TC_VerifyAllCategories" name="Test_mamaearth_category_Hair_HairSerum_launching" time="1.220"/>
  <system-out/>
  <testcase classname="com.mamaearth.TestCase.TC_VerifyAllCategories" name="Test_mamaearth_category_Hair_HairOilBooster_launching" time="1.243"/>
  <system-out/>
  <testcase classname="com.mamaearth.TestCase.TC_VerifyAllCategories" name="Test_mamaearth_category_Face_launching" time="1.914"/>
  <system-out/>
  <testcase classname="com.mamaearth.TestCase.TC_VerifyAllCategories" name="Test_mamaearth_category_Face_FaceWash_launching" time="1.666"/>
  <system-out/>
  <testcase classname="com.mamaearth.TestCase.TC_VerifyAllCategories" name="Test_mamaearth_category_Face_FaceMask_launching" time="1.253"/>
  <system-out/>
  <testcase classname="com.mamaearth.TestCase.TC_VerifyAllCategories" name="Test_mamaearth_category_Face_FaceCream_launching" time="1.412"/>
  <system-out/>
  <testcase classname="com.mamaearth.TestCase.TC_VerifyAllCategories" name="Test_mamaearth_category_Face_FaceSerum_launching" time="1.389"/>
  <system-out/>
  <testcase classname="com.mamaearth.TestCase.TC_VerifyAllCategories" name="Test_mamaearth_category_Face_FaceScrub_launching" time="1.120"/>
  <system-out/>
  <testcase classname="com.mamaearth.TestCase.TC_VerifyAllCategories" name="Test_mamaearth_category_Face_FaceToner_launching" time="1.070"/>
  <system-out/>
  <testcase classname="com.mamaearth.TestCase.TC_VerifyAllCategories" name="Test_mamaearth_category_Face_FaceGel_launching" time="1.287"/>
  <system-out/>
  <testcase classname="com.mamaearth.TestCase.TC_VerifyAllCategories" name="Test_mamaearth_category_Face_FaceSheetMask_launching" time="2.483"/>
  <system-out/>
  <testcase classname="com.mamaearth.TestCase.TC_VerifyAllCategories" name="Test_mamaearth_category_Face_FaceMoisturizer_launching" time="1.247"/>
  <system-out/>
  <testcase classname="com.mamaearth.TestCase.TC_VerifyAllCategories" name="Test_mamaearth_category_Body_launching" time="1.421"/>
  <system-out/>
  <testcase classname="com.mamaearth.TestCase.TC_VerifyAllCategories" name="Test_mamaearth_category_Body_BodyLotion_launching" time="1.330"/>
  <system-out/>
  <testcase classname="com.mamaearth.TestCase.TC_VerifyAllCategories" name="Test_mamaearth_category_Body_UnderarmCream_launching" time="1.334"/>
  <system-out/>
  <testcase classname="com.mamaearth.TestCase.TC_VerifyAllCategories" name="Test_mamaearth_category_Body_BodyScrub_launching" time="1.108"/>
  <system-out/>
  <testcase classname="com.mamaearth.TestCase.TC_VerifyAllCategories" name="Test_mamaearth_category_Body_HandCream_launching" time="1.151"/>
  <system-out/>
  <testcase classname="com.mamaearth.TestCase.TC_VerifyAllCategories" name="Test_mamaearth_category_Body_BodyWash_launching" time="1.410"/>
  <system-out/>
  <testcase classname="com.mamaearth.TestCase.TC_VerifyAllCategories" name="Test_mamaearth_category_Body_BodySoap_launching" time="1.578"/>
  <system-out/>
  <testcase classname="com.mamaearth.TestCase.TC_VerifyAllCategories" name="Test_mamaearth_category_Makeup_launching" time="1.453"/>
  <system-out/>
  <testcase classname="com.mamaearth.TestCase.TC_VerifyAllCategories" name="Test_mamaearth_category_Makeup_Lipsticks_launching" time="2.040"/>
  <system-out/>
  <testcase classname="com.mamaearth.TestCase.TC_VerifyAllCategories" name="Test_mamaearth_category_Makeup_LipBalm_launching" time="1.481"/>
  <system-out/>
  <testcase classname="com.mamaearth.TestCase.TC_VerifyAllCategories" name="Test_mamaearth_category_Makeup_Foundation_launching" time="1.177"/>
  <system-out/>
  <testcase classname="com.mamaearth.TestCase.TC_VerifyAllCategories" name="Test_mamaearth_category_Makeup_Kajal_launching" time="1.848"/>
  <system-out/>
  <testcase classname="com.mamaearth.TestCase.TC_VerifyAllCategories" name="Test_mamaearth_category_Makeup_Compact_launching" time="1.442"/>
  <system-out/>
  <testcase classname="com.mamaearth.TestCase.TC_VerifyAllCategories" name="Test_mamaearth_category_Makeup_Concealer_launching" time="1.903"/>
  <system-out/>
  <testcase classname="com.mamaearth.TestCase.TC_VerifyAllCategories" name="Test_mamaearth_category_Ingredient_launching" time="2.120"/>
  <system-out/>
  <testcase classname="com.mamaearth.TestCase.TC_VerifyAllCategories" name="Test_mamaearth_category_Ingredient_Onion_launching" time="2.112"/>
  <system-out/>
  <testcase classname="com.mamaearth.TestCase.TC_VerifyAllCategories" name="Test_mamaearth_category_Ingredient_Henna_launching" time="1.805"/>
  <system-out/>
  <testcase classname="com.mamaearth.TestCase.TC_VerifyAllCategories" name="Test_mamaearth_category_Ingredient_Rice_launching" time="1.910"/>
  <system-out/>
  <testcase classname="com.mamaearth.TestCase.TC_VerifyAllCategories" name="Test_mamaearth_category_Ingredient_Ubtan_launching" time="2.274"/>
  <system-out/>
  <testcase classname="com.mamaearth.TestCase.TC_VerifyAllCategories" name="Test_mamaearth_category_Ingredient_VitaminC_launching" time="1.815"/>
  <system-out/>
  <testcase classname="com.mamaearth.TestCase.TC_VerifyAllCategories" name="Test_mamaearth_category_Ingredient_GreenTea_launching" time="2.481"/>
  <system-out/>
  <testcase classname="com.mamaearth.TestCase.TC_VerifyAllCategories" name="Test_mamaearth_category_Ingredient_TeaTree_launching" time="2.939"/>
  <system-out/>
  <testcase classname="com.mamaearth.TestCase.TC_VerifyAllCategories" name="Test_mamaearth_category_Ingredient_Aqua_launching" time="2.213"/>
  <system-out/>
  <testcase classname="com.mamaearth.TestCase.TC_VerifyAllCategories" name="Test_mamaearth_category_Ingredient_Bhringmla_launching" time="2.040"/>
  <system-out/>
  <testcase classname="com.mamaearth.TestCase.TC_VerifyAllCategories" name="Test_mamaearth_category_Ingredient_Charcoal_launching" time="2.359"/>
  <system-out/>
  <testcase classname="com.mamaearth.TestCase.TC_VerifyAllCategories" name="Test_mamaearth_category_Ingredient_Coco_launching" time="2.109"/>
  <system-out/>
  <testcase classname="com.mamaearth.TestCase.TC_VerifyAllCategories" name="Test_mamaearth_category_Ingredient_Argan_launching" time="1.964"/>
  <system-out/>
  <testcase classname="com.mamaearth.TestCase.TC_VerifyAllCategories" name="Test_mamaearth_category_Ingredient_AppleCiderVinegar_launching" time="1.367"/>
  <system-out/>
  <testcase classname="com.mamaearth.TestCase.TC_VerifyAllCategories" name="Test_mamaearth_category_Ingredient_Retinol_launching" time="1.526"/>
  <system-out/>
  <testcase classname="com.mamaearth.TestCase.TC_VerifyAllCategories" name="Test_mamaearth_category_Ingredient_HoneyMalai_launching" time="1.308"/>
  <system-out/>
  <testcase classname="com.mamaearth.TestCase.TC_VerifyAllCategories" name="Test_mamaearth_category_Baby_launching" time="1.547"/>
  <system-out/>
  <testcase classname="com.mamaearth.TestCase.TC_VerifyAllCategories" name="Test_mamaearth_category_Baby__BabyShampoo_launching" time="1.245"/>
  <system-out/>
  <testcase classname="com.mamaearth.TestCase.TC_VerifyAllCategories" name="Test_mamaearth_category_Baby__BabyOralcare_launching" time="4.679"/>
  <system-out/>
  <testcase classname="com.mamaearth.TestCase.TC_VerifyAllCategories" name="Test_mamaearth_category_Baby__BabyOil_launching" time="1.798"/>
  <system-out/>
  <testcase classname="com.mamaearth.TestCase.TC_VerifyAllCategories" name="Test_mamaearth_category_Baby__BabySkin_launching" time="1.598"/>
  <system-out/>
  <testcase classname="com.mamaearth.TestCase.TC_VerifyAllCategories" name="Test_mamaearth_category_Baby__BabyBath_launching" time="2.034"/>
  <system-out/>
  <testcase classname="com.mamaearth.TestCase.TC_VerifyAllCategories" name="Test_mamaearth_category_Baby__BabyBodyLotion_launching" time="1.834"/>
  <system-out/>
</testsuite> <!-- com.mamaearth.TestCase.TC_VerifyAllCategories -->
