<?xml version="1.0" encoding="UTF-8"?>
<!-- Generated by org.testng.reporters.JUnitReportReporter -->
<testsuite hostname="ip-192-168-3-50.ap-south-1.compute.internal" failures="0" tests="2" name="com.mamaearth.TestCase.TC_CheckcoutWithoutGI" time="69.976" errors="0" timestamp="2023-02-22T17:09:18 IST" skipped="0">
  <testcase classname="com.mamaearth.TestCase.TC_CheckcoutWithoutGI" name="Test_GuestUser_WithoutCoupon_withoutGI_COD" time="33.891"/>
  <system-out/>
  <testcase classname="com.mamaearth.TestCase.TC_CheckcoutWithoutGI" name="Test_GuestUser_WithCoupon_withoutGI_COD" time="36.085"/>
  <system-out/>
</testsuite> <!-- com.mamaearth.TestCase.TC_CheckcoutWithoutGI -->
