<?xml version="1.0" encoding="UTF-8"?>
<!-- Generated by org.testng.reporters.JUnitReportReporter -->
<testsuite hostname="Udit-078.local" failures="0" tests="3" name="com.mamaearth.TestCase.TC_LaunchingTest_0001" time="31.458" errors="1" timestamp="2023-02-13T12:41:34 IST" skipped="0">
  <testcase classname="com.mamaearth.TestCase.TC_LaunchingTest_0001" name="TC_0002" time="30.345"/>
  <system-out/>
  <testcase classname="com.mamaearth.TestCase.TC_LaunchingTest_0001" name="TC_0003" time="1.083">
    <error message="element click intercepted: Element &lt;a class=&quot;mamaearth-logo-wrapper&quot; href=&quot;/&quot;&gt;...&lt;/a&gt; is not clickable at point (164, 65). Other element would receive the click: &lt;div class=&quot;Overlay-sc-gr01yv-0 hGprdb&quot; open=&quot;&quot;&gt;&lt;/div&gt;
  (Session info: chrome=110.0.5481.77)
Build info: version: &#039;4.5.0&#039;, revision: &#039;fe167b119a&#039;
System info: os.name: &#039;Mac OS X&#039;, os.arch: &#039;x86_64&#039;, os.version: &#039;11.5.1&#039;, java.version: &#039;18.0.1.1&#039;
Driver info: org.openqa.selenium.chrome.ChromeDriver
Command: [5b7a797603b4fee5db64c0c3ee053a0e, clickElement {id=37687606-9b9d-4113-98db-5265fd4b5668}]
Capabilities {acceptInsecureCerts: false, browserName: chrome, browserVersion: 110.0.5481.77, chrome: {chromedriverVersion: 109.0.5414.74 (e7c5703604da..., userDataDir: /var/folders/vc/xx8_9t4d2c9...}, goog:chromeOptions: {debuggerAddress: localhost:60038}, networkConnectionEnabled: false, pageLoadStrategy: normal, platformName: MAC, proxy: Proxy(), se:cdp: ws://localhost:60038/devtoo..., se:cdpVersion: 110.0.5481.77, setWindowRect: true, strictFileInteractability: false, timeouts: {implicit: 0, pageLoad: 300000, script: 30000}, unhandledPromptBehavior: dismiss and notify, webauthn:extension:credBlob: true, webauthn:extension:largeBlob: true, webauthn:virtualAuthenticators: true}
Element: [[ChromeDriver: chrome on MAC (5b7a797603b4fee5db64c0c3ee053a0e)] -&gt; xpath: //a[@class=&#039;mamaearth-logo-wrapper&#039;]]
Session ID: 5b7a797603b4fee5db64c0c3ee053a0e" type="org.openqa.selenium.ElementClickInterceptedException">
      <![CDATA[org.openqa.selenium.ElementClickInterceptedException: element click intercepted: Element <a class="mamaearth-logo-wrapper" href="/">...</a> is not clickable at point (164, 65). Other element would receive the click: <div class="Overlay-sc-gr01yv-0 hGprdb" open=""></div>
  (Session info: chrome=110.0.5481.77)
Build info: version: '4.5.0', revision: 'fe167b119a'
System info: os.name: 'Mac OS X', os.arch: 'x86_64', os.version: '11.5.1', java.version: '18.0.1.1'
Driver info: org.openqa.selenium.chrome.ChromeDriver
Command: [5b7a797603b4fee5db64c0c3ee053a0e, clickElement {id=37687606-9b9d-4113-98db-5265fd4b5668}]
Capabilities {acceptInsecureCerts: false, browserName: chrome, browserVersion: 110.0.5481.77, chrome: {chromedriverVersion: 109.0.5414.74 (e7c5703604da..., userDataDir: /var/folders/vc/xx8_9t4d2c9...}, goog:chromeOptions: {debuggerAddress: localhost:60038}, networkConnectionEnabled: false, pageLoadStrategy: normal, platformName: MAC, proxy: Proxy(), se:cdp: ws://localhost:60038/devtoo..., se:cdpVersion: 110.0.5481.77, setWindowRect: true, strictFileInteractability: false, timeouts: {implicit: 0, pageLoad: 300000, script: 30000}, unhandledPromptBehavior: dismiss and notify, webauthn:extension:credBlob: true, webauthn:extension:largeBlob: true, webauthn:virtualAuthenticators: true}
Element: [[ChromeDriver: chrome on MAC (5b7a797603b4fee5db64c0c3ee053a0e)] -> xpath: //a[@class='mamaearth-logo-wrapper']]
Session ID: 5b7a797603b4fee5db64c0c3ee053a0e
at java.base/jdk.internal.reflect.DirectConstructorHandleAccessor.newInstance(DirectConstructorHandleAccessor.java:67)
at java.base/java.lang.reflect.Constructor.newInstanceWithCaller(Constructor.java:499)
at java.base/java.lang.reflect.Constructor.newInstance(Constructor.java:483)
at org.openqa.selenium.remote.codec.w3c.W3CHttpResponseCodec.createException(W3CHttpResponseCodec.java:200)
at org.openqa.selenium.remote.codec.w3c.W3CHttpResponseCodec.decode(W3CHttpResponseCodec.java:133)
at org.openqa.selenium.remote.codec.w3c.W3CHttpResponseCodec.decode(W3CHttpResponseCodec.java:53)
at org.openqa.selenium.remote.HttpCommandExecutor.execute(HttpCommandExecutor.java:184)
at org.openqa.selenium.remote.service.DriverCommandExecutor.invokeExecute(DriverCommandExecutor.java:167)
at org.openqa.selenium.remote.service.DriverCommandExecutor.execute(DriverCommandExecutor.java:142)
at org.openqa.selenium.remote.RemoteWebDriver.execute(RemoteWebDriver.java:547)
at org.openqa.selenium.remote.RemoteWebElement.execute(RemoteWebElement.java:257)
at org.openqa.selenium.remote.RemoteWebElement.click(RemoteWebElement.java:78)
at java.base/jdk.internal.reflect.DirectMethodHandleAccessor.invoke(DirectMethodHandleAccessor.java:104)
at java.base/java.lang.reflect.Method.invoke(Method.java:577)
at org.openqa.selenium.support.pagefactory.internal.LocatingElementHandler.invoke(LocatingElementHandler.java:52)
at jdk.proxy2/jdk.proxy2.$Proxy20.click(Unknown Source)
at com.mamaearth.PageObject.mamaearth_CartPage.click_on_mamaearth_logo(mamaearth_CartPage.java:22)
at com.mamaearth.TestCase.TC_LaunchingTest_0001.TC_0003(TC_LaunchingTest_0001.java:46)
at java.base/jdk.internal.reflect.DirectMethodHandleAccessor.invoke(DirectMethodHandleAccessor.java:104)
at java.base/java.lang.reflect.Method.invoke(Method.java:577)
at org.testng.internal.MethodInvocationHelper.invokeMethod(MethodInvocationHelper.java:133)
at org.testng.internal.TestInvoker.invokeMethod(TestInvoker.java:598)
at org.testng.internal.TestInvoker.invokeTestMethod(TestInvoker.java:173)
at org.testng.internal.MethodRunner.runInSequence(MethodRunner.java:46)
at org.testng.internal.TestInvoker$MethodInvocationAgent.invoke(TestInvoker.java:824)
at org.testng.internal.TestInvoker.invokeTestMethods(TestInvoker.java:146)
at org.testng.internal.TestMethodWorker.invokeTestMethods(TestMethodWorker.java:146)
at org.testng.internal.TestMethodWorker.run(TestMethodWorker.java:128)
at java.base/java.util.concurrent.ThreadPoolExecutor.runWorker(ThreadPoolExecutor.java:1136)
at java.base/java.util.concurrent.ThreadPoolExecutor$Worker.run(ThreadPoolExecutor.java:635)
at java.base/java.lang.Thread.run(Thread.java:833)
]]>
    </error>
  </testcase> <!-- TC_0003 -->
  <system-out/>
  <testcase classname="com.mamaearth.TestCase.TC_LaunchingTest_0001" name="TC_0004" time="0.030"/>
  <system-out/>
</testsuite> <!-- com.mamaearth.TestCase.TC_LaunchingTest_0001 -->
