<?xml version="1.0" encoding="UTF-8"?>
<!-- Generated by org.testng.reporters.JUnitReportReporter -->
<testsuite hostname="HONASAs-MacBook-Pro.local" failures="0" tests="5" name="com.mamaearth.TestCase.TC_VerifyAllCategories" time="8.129" errors="0" timestamp="2023-01-20T05:18:12 IST" skipped="0">
  <testcase classname="com.mamaearth.TestCase.TC_VerifyAllCategories" name="Test_mamaearth_launching" time="0.092"/>
  <system-out/>
  <testcase classname="com.mamaearth.TestCase.TC_VerifyAllCategories" name="Test_mamaearth__category_Hair_launching" time="1.674"/>
  <system-out/>
  <testcase classname="com.mamaearth.TestCase.TC_VerifyAllCategories" name="Test_mamaearth__category_Beauty_launching" time="2.963"/>
  <system-out/>
  <testcase classname="com.mamaearth.TestCase.TC_VerifyAllCategories" name="Test_mamaearth__category_Face_launching" time="2.085"/>
  <system-out/>
  <testcase classname="com.mamaearth.TestCase.TC_VerifyAllCategories" name="Test_mamaearth__category_Body_launching" time="1.315"/>
  <system-out/>
</testsuite> <!-- com.mamaearth.TestCase.TC_VerifyAllCategories -->
