<?xml version="1.0" encoding="UTF-8"?>
<!-- Generated by org.testng.reporters.JUnitReportReporter -->
<testsuite hostname="Udit-078.local" failures="0" tests="4" name="com.mamaearth.TestCase.TC_VerifyLoginFlow" time="64.714" errors="0" timestamp="2023-04-12T22:51:32 IST" skipped="0">
  <testcase classname="com.mamaearth.TestCase.TC_VerifyLoginFlow" name="Test_login_with_InvalidNumber" time="11.573"/>
  <system-out/>
  <testcase classname="com.mamaearth.TestCase.TC_VerifyLoginFlow" name="Test_login_with_moreThanTenDigitNumber" time="16.743"/>
  <system-out/>
  <testcase classname="com.mamaearth.TestCase.TC_VerifyLoginFlow" name="Test_login_with_lessThanTenDigitNumber" time="22.248"/>
  <system-out/>
  <testcase classname="com.mamaearth.TestCase.TC_VerifyLoginFlow" name="Test_login_with_EmptyNumber" time="14.150"/>
  <system-out/>
</testsuite> <!-- com.mamaearth.TestCase.TC_VerifyLoginFlow -->
