<?xml version="1.0" encoding="UTF-8"?>
<!-- Generated by org.testng.reporters.JUnitReportReporter -->
<testsuite hostname="Udit-078.local" failures="0" tests="2" name="com.mamaearth.TestCase.nc1" time="9.446" errors="0" timestamp="2023-02-13T13:08:44 IST" skipped="0">
  <testcase classname="com.mamaearth.TestCase.nc1" name="tc2" time="3.832"/>
  <system-out/>
  <testcase classname="com.mamaearth.TestCase.nc1" name="tc1" time="5.614"/>
  <system-out/>
</testsuite> <!-- com.mamaearth.TestCase.nc1 -->
