<?xml version="1.0" encoding="UTF-8"?>
<!-- Generated by org.testng.reporters.JUnitReportReporter -->
<testsuite hostname="Udit-078.local" failures="4" tests="58" name="com.mamaearth.TestCase.TC_VerifyAllCategories" time="71.200" errors="0" timestamp="2023-04-05T23:14:07 IST" skipped="0">
  <testcase classname="com.mamaearth.TestCase.TC_VerifyAllCategories" name="Test_mamaearth_launching" time="0.071"/>
  <system-out/>
  <testcase classname="com.mamaearth.TestCase.TC_VerifyAllCategories" name="Test_mamaearth_category_Beauty_launching" time="3.182"/>
  <system-out/>
  <testcase classname="com.mamaearth.TestCase.TC_VerifyAllCategories" name="Test_mamaearth_category_Beauty_Fragrance_launching" time="1.798"/>
  <system-out/>
  <testcase classname="com.mamaearth.TestCase.TC_VerifyAllCategories" name="Test_mamaearth_category_Beauty_FacialKits_launching" time="1.063"/>
  <system-out/>
  <testcase classname="com.mamaearth.TestCase.TC_VerifyAllCategories" name="Test_mamaearth_category_Hair_launching" time="1.279"/>
  <system-out/>
  <testcase classname="com.mamaearth.TestCase.TC_VerifyAllCategories" name="Test_mamaearth_category_Hair_Shampoo_launching" time="1.553"/>
  <system-out/>
  <testcase classname="com.mamaearth.TestCase.TC_VerifyAllCategories" name="Test_mamaearth_category_Hair_Conditioner_launching" time="1.242"/>
  <system-out/>
  <testcase classname="com.mamaearth.TestCase.TC_VerifyAllCategories" name="Test_mamaearth_category_Hair_HairOil_launching" time="1.296"/>
  <system-out/>
  <testcase classname="com.mamaearth.TestCase.TC_VerifyAllCategories" name="Test_mamaearth_category_Hair_HairMask_launching" time="1.119"/>
  <system-out/>
  <testcase classname="com.mamaearth.TestCase.TC_VerifyAllCategories" name="Test_mamaearth_category_Hair_HairSerum_launching" time="1.102"/>
  <system-out/>
  <testcase classname="com.mamaearth.TestCase.TC_VerifyAllCategories" name="Test_mamaearth_category_Hair_HairOilBooster_launching" time="0.822"/>
  <system-out/>
  <testcase classname="com.mamaearth.TestCase.TC_VerifyAllCategories" name="Test_mamaearth_category_Face_launching" time="1.689"/>
  <system-out/>
  <testcase classname="com.mamaearth.TestCase.TC_VerifyAllCategories" name="Test_mamaearth_category_Face_FaceWash_launching" time="1.397"/>
  <system-out/>
  <testcase classname="com.mamaearth.TestCase.TC_VerifyAllCategories" name="Test_mamaearth_category_Face_FaceMask_launching" time="1.348"/>
  <system-out/>
  <testcase classname="com.mamaearth.TestCase.TC_VerifyAllCategories" name="Test_mamaearth_category_Face_FaceCream_launching" time="1.632"/>
  <system-out/>
  <testcase classname="com.mamaearth.TestCase.TC_VerifyAllCategories" name="Test_mamaearth_category_Face_FaceSerum_launching" time="1.294"/>
  <system-out/>
  <testcase classname="com.mamaearth.TestCase.TC_VerifyAllCategories" name="Test_mamaearth_category_Face_FaceScrub_launching" time="0.936"/>
  <system-out/>
  <testcase classname="com.mamaearth.TestCase.TC_VerifyAllCategories" name="Test_mamaearth_category_Face_FaceToner_launching" time="0.876"/>
  <system-out/>
  <testcase classname="com.mamaearth.TestCase.TC_VerifyAllCategories" name="Test_mamaearth_category_Face_FaceGel_launching" time="1.023"/>
  <system-out/>
  <testcase classname="com.mamaearth.TestCase.TC_VerifyAllCategories" name="Test_mamaearth_category_Face_FaceSheetMask_launching" time="2.437"/>
  <system-out/>
  <testcase classname="com.mamaearth.TestCase.TC_VerifyAllCategories" name="Test_mamaearth_category_Face_FaceMoisturizer_launching" time="1.162">
    <failure message="expected [true] but found [false]" type="java.lang.AssertionError">
      <![CDATA[java.lang.AssertionError: expected [true] but found [false]
at org.testng.Assert.fail(Assert.java:99)
at org.testng.Assert.failNotEquals(Assert.java:1037)
at org.testng.Assert.assertTrue(Assert.java:45)
at org.testng.Assert.assertTrue(Assert.java:55)
at com.mamaearth.TestCase.TC_VerifyAllCategories.Test_mamaearth_category_Face_FaceMoisturizer_launching(TC_VerifyAllCategories.java:308)
at java.base/jdk.internal.reflect.DirectMethodHandleAccessor.invoke(DirectMethodHandleAccessor.java:104)
at java.base/java.lang.reflect.Method.invoke(Method.java:577)
at org.testng.internal.MethodInvocationHelper.invokeMethod(MethodInvocationHelper.java:133)
at org.testng.internal.TestInvoker.invokeMethod(TestInvoker.java:598)
at org.testng.internal.TestInvoker.invokeTestMethod(TestInvoker.java:173)
at org.testng.internal.MethodRunner.runInSequence(MethodRunner.java:46)
at org.testng.internal.TestInvoker$MethodInvocationAgent.invoke(TestInvoker.java:824)
at org.testng.internal.TestInvoker.invokeTestMethods(TestInvoker.java:146)
at org.testng.internal.TestMethodWorker.invokeTestMethods(TestMethodWorker.java:146)
at org.testng.internal.TestMethodWorker.run(TestMethodWorker.java:128)
at java.base/java.util.ArrayList.forEach(ArrayList.java:1511)
at org.testng.TestRunner.privateRun(TestRunner.java:794)
at org.testng.TestRunner.run(TestRunner.java:596)
at org.testng.SuiteRunner.runTest(SuiteRunner.java:377)
at org.testng.SuiteRunner.runSequentially(SuiteRunner.java:371)
at org.testng.SuiteRunner.privateRun(SuiteRunner.java:332)
at org.testng.SuiteRunner.run(SuiteRunner.java:276)
at org.testng.SuiteRunnerWorker.runSuite(SuiteRunnerWorker.java:53)
at org.testng.SuiteRunnerWorker.run(SuiteRunnerWorker.java:96)
at org.testng.TestNG.runSuitesSequentially(TestNG.java:1212)
at org.testng.TestNG.runSuitesLocally(TestNG.java:1134)
at org.testng.TestNG.runSuites(TestNG.java:1063)
at org.testng.TestNG.run(TestNG.java:1031)
at org.testng.remote.AbstractRemoteTestNG.run(AbstractRemoteTestNG.java:115)
at org.testng.remote.RemoteTestNG.initAndRun(RemoteTestNG.java:251)
at org.testng.remote.RemoteTestNG.main(RemoteTestNG.java:77)
]]>
    </failure>
  </testcase> <!-- Test_mamaearth_category_Face_FaceMoisturizer_launching -->
  <system-out/>
  <testcase classname="com.mamaearth.TestCase.TC_VerifyAllCategories" name="Test_mamaearth_category_Body_launching" time="1.176"/>
  <system-out/>
  <testcase classname="com.mamaearth.TestCase.TC_VerifyAllCategories" name="Test_mamaearth_category_Body_BodyLotion_launching" time="1.235">
    <failure message="expected [true] but found [false]" type="java.lang.AssertionError">
      <![CDATA[java.lang.AssertionError: expected [true] but found [false]
at org.testng.Assert.fail(Assert.java:99)
at org.testng.Assert.failNotEquals(Assert.java:1037)
at org.testng.Assert.assertTrue(Assert.java:45)
at org.testng.Assert.assertTrue(Assert.java:55)
at com.mamaearth.TestCase.TC_VerifyAllCategories.Test_mamaearth_category_Body_BodyLotion_launching(TC_VerifyAllCategories.java:322)
at java.base/jdk.internal.reflect.DirectMethodHandleAccessor.invoke(DirectMethodHandleAccessor.java:104)
at java.base/java.lang.reflect.Method.invoke(Method.java:577)
at org.testng.internal.MethodInvocationHelper.invokeMethod(MethodInvocationHelper.java:133)
at org.testng.internal.TestInvoker.invokeMethod(TestInvoker.java:598)
at org.testng.internal.TestInvoker.invokeTestMethod(TestInvoker.java:173)
at org.testng.internal.MethodRunner.runInSequence(MethodRunner.java:46)
at org.testng.internal.TestInvoker$MethodInvocationAgent.invoke(TestInvoker.java:824)
at org.testng.internal.TestInvoker.invokeTestMethods(TestInvoker.java:146)
at org.testng.internal.TestMethodWorker.invokeTestMethods(TestMethodWorker.java:146)
at org.testng.internal.TestMethodWorker.run(TestMethodWorker.java:128)
at java.base/java.util.ArrayList.forEach(ArrayList.java:1511)
at org.testng.TestRunner.privateRun(TestRunner.java:794)
at org.testng.TestRunner.run(TestRunner.java:596)
at org.testng.SuiteRunner.runTest(SuiteRunner.java:377)
at org.testng.SuiteRunner.runSequentially(SuiteRunner.java:371)
at org.testng.SuiteRunner.privateRun(SuiteRunner.java:332)
at org.testng.SuiteRunner.run(SuiteRunner.java:276)
at org.testng.SuiteRunnerWorker.runSuite(SuiteRunnerWorker.java:53)
at org.testng.SuiteRunnerWorker.run(SuiteRunnerWorker.java:96)
at org.testng.TestNG.runSuitesSequentially(TestNG.java:1212)
at org.testng.TestNG.runSuitesLocally(TestNG.java:1134)
at org.testng.TestNG.runSuites(TestNG.java:1063)
at org.testng.TestNG.run(TestNG.java:1031)
at org.testng.remote.AbstractRemoteTestNG.run(AbstractRemoteTestNG.java:115)
at org.testng.remote.RemoteTestNG.initAndRun(RemoteTestNG.java:251)
at org.testng.remote.RemoteTestNG.main(RemoteTestNG.java:77)
]]>
    </failure>
  </testcase> <!-- Test_mamaearth_category_Body_BodyLotion_launching -->
  <system-out/>
  <testcase classname="com.mamaearth.TestCase.TC_VerifyAllCategories" name="Test_mamaearth_category_Body_UnderarmCream_launching" time="1.147"/>
  <system-out/>
  <testcase classname="com.mamaearth.TestCase.TC_VerifyAllCategories" name="Test_mamaearth_category_Body_BodyScrub_launching" time="0.842"/>
  <system-out/>
  <testcase classname="com.mamaearth.TestCase.TC_VerifyAllCategories" name="Test_mamaearth_category_Body_HandCream_launching" time="0.849"/>
  <system-out/>
  <testcase classname="com.mamaearth.TestCase.TC_VerifyAllCategories" name="Test_mamaearth_category_Body_BodyWash_launching" time="0.941"/>
  <system-out/>
  <testcase classname="com.mamaearth.TestCase.TC_VerifyAllCategories" name="Test_mamaearth_category_Body_BodySoap_launching" time="0.928"/>
  <system-out/>
  <testcase classname="com.mamaearth.TestCase.TC_VerifyAllCategories" name="Test_mamaearth_category_Makeup_launching" time="1.283"/>
  <system-out/>
  <testcase classname="com.mamaearth.TestCase.TC_VerifyAllCategories" name="Test_mamaearth_category_Makeup_Lipsticks_launching" time="1.366"/>
  <system-out/>
  <testcase classname="com.mamaearth.TestCase.TC_VerifyAllCategories" name="Test_mamaearth_category_Makeup_LipBalm_launching" time="1.114"/>
  <system-out/>
  <testcase classname="com.mamaearth.TestCase.TC_VerifyAllCategories" name="Test_mamaearth_category_Makeup_Foundation_launching" time="0.947"/>
  <system-out/>
  <testcase classname="com.mamaearth.TestCase.TC_VerifyAllCategories" name="Test_mamaearth_category_Makeup_Kajal_launching" time="0.979"/>
  <system-out/>
  <testcase classname="com.mamaearth.TestCase.TC_VerifyAllCategories" name="Test_mamaearth_category_Makeup_Compact_launching" time="0.870"/>
  <system-out/>
  <testcase classname="com.mamaearth.TestCase.TC_VerifyAllCategories" name="Test_mamaearth_category_Makeup_Concealer_launching" time="0.854"/>
  <system-out/>
  <testcase classname="com.mamaearth.TestCase.TC_VerifyAllCategories" name="Test_mamaearth_category_Ingredient_launching" time="0.956"/>
  <system-out/>
  <testcase classname="com.mamaearth.TestCase.TC_VerifyAllCategories" name="Test_mamaearth_category_Ingredient_Onion_launching" time="1.176"/>
  <system-out/>
  <testcase classname="com.mamaearth.TestCase.TC_VerifyAllCategories" name="Test_mamaearth_category_Ingredient_Henna_launching" time="1.148"/>
  <system-out/>
  <testcase classname="com.mamaearth.TestCase.TC_VerifyAllCategories" name="Test_mamaearth_category_Ingredient_Rice_launching" time="1.246"/>
  <system-out/>
  <testcase classname="com.mamaearth.TestCase.TC_VerifyAllCategories" name="Test_mamaearth_category_Ingredient_Ubtan_launching" time="1.471">
    <failure message="expected [true] but found [false]" type="java.lang.AssertionError">
      <![CDATA[java.lang.AssertionError: expected [true] but found [false]
at org.testng.Assert.fail(Assert.java:99)
at org.testng.Assert.failNotEquals(Assert.java:1037)
at org.testng.Assert.assertTrue(Assert.java:45)
at org.testng.Assert.assertTrue(Assert.java:55)
at com.mamaearth.TestCase.TC_VerifyAllCategories.Test_mamaearth_category_Ingredient_Ubtan_launching(TC_VerifyAllCategories.java:441)
at java.base/jdk.internal.reflect.DirectMethodHandleAccessor.invoke(DirectMethodHandleAccessor.java:104)
at java.base/java.lang.reflect.Method.invoke(Method.java:577)
at org.testng.internal.MethodInvocationHelper.invokeMethod(MethodInvocationHelper.java:133)
at org.testng.internal.TestInvoker.invokeMethod(TestInvoker.java:598)
at org.testng.internal.TestInvoker.invokeTestMethod(TestInvoker.java:173)
at org.testng.internal.MethodRunner.runInSequence(MethodRunner.java:46)
at org.testng.internal.TestInvoker$MethodInvocationAgent.invoke(TestInvoker.java:824)
at org.testng.internal.TestInvoker.invokeTestMethods(TestInvoker.java:146)
at org.testng.internal.TestMethodWorker.invokeTestMethods(TestMethodWorker.java:146)
at org.testng.internal.TestMethodWorker.run(TestMethodWorker.java:128)
at java.base/java.util.ArrayList.forEach(ArrayList.java:1511)
at org.testng.TestRunner.privateRun(TestRunner.java:794)
at org.testng.TestRunner.run(TestRunner.java:596)
at org.testng.SuiteRunner.runTest(SuiteRunner.java:377)
at org.testng.SuiteRunner.runSequentially(SuiteRunner.java:371)
at org.testng.SuiteRunner.privateRun(SuiteRunner.java:332)
at org.testng.SuiteRunner.run(SuiteRunner.java:276)
at org.testng.SuiteRunnerWorker.runSuite(SuiteRunnerWorker.java:53)
at org.testng.SuiteRunnerWorker.run(SuiteRunnerWorker.java:96)
at org.testng.TestNG.runSuitesSequentially(TestNG.java:1212)
at org.testng.TestNG.runSuitesLocally(TestNG.java:1134)
at org.testng.TestNG.runSuites(TestNG.java:1063)
at org.testng.TestNG.run(TestNG.java:1031)
at org.testng.remote.AbstractRemoteTestNG.run(AbstractRemoteTestNG.java:115)
at org.testng.remote.RemoteTestNG.initAndRun(RemoteTestNG.java:251)
at org.testng.remote.RemoteTestNG.main(RemoteTestNG.java:77)
]]>
    </failure>
  </testcase> <!-- Test_mamaearth_category_Ingredient_Ubtan_launching -->
  <system-out/>
  <testcase classname="com.mamaearth.TestCase.TC_VerifyAllCategories" name="Test_mamaearth_category_Ingredient_VitaminC_launching" time="1.547"/>
  <system-out/>
  <testcase classname="com.mamaearth.TestCase.TC_VerifyAllCategories" name="Test_mamaearth_category_Ingredient_GreenTea_launching" time="1.297"/>
  <system-out/>
  <testcase classname="com.mamaearth.TestCase.TC_VerifyAllCategories" name="Test_mamaearth_category_Ingredient_TeaTree_launching" time="1.289"/>
  <system-out/>
  <testcase classname="com.mamaearth.TestCase.TC_VerifyAllCategories" name="Test_mamaearth_category_Ingredient_Aqua_launching" time="1.172"/>
  <system-out/>
  <testcase classname="com.mamaearth.TestCase.TC_VerifyAllCategories" name="Test_mamaearth_category_Ingredient_Bhringmla_launching" time="1.002">
    <failure message="expected [true] but found [false]" type="java.lang.AssertionError">
      <![CDATA[java.lang.AssertionError: expected [true] but found [false]
at org.testng.Assert.fail(Assert.java:99)
at org.testng.Assert.failNotEquals(Assert.java:1037)
at org.testng.Assert.assertTrue(Assert.java:45)
at org.testng.Assert.assertTrue(Assert.java:55)
at com.mamaearth.TestCase.TC_VerifyAllCategories.Test_mamaearth_category_Ingredient_Bhringmla_launching(TC_VerifyAllCategories.java:476)
at java.base/jdk.internal.reflect.DirectMethodHandleAccessor.invoke(DirectMethodHandleAccessor.java:104)
at java.base/java.lang.reflect.Method.invoke(Method.java:577)
at org.testng.internal.MethodInvocationHelper.invokeMethod(MethodInvocationHelper.java:133)
at org.testng.internal.TestInvoker.invokeMethod(TestInvoker.java:598)
at org.testng.internal.TestInvoker.invokeTestMethod(TestInvoker.java:173)
at org.testng.internal.MethodRunner.runInSequence(MethodRunner.java:46)
at org.testng.internal.TestInvoker$MethodInvocationAgent.invoke(TestInvoker.java:824)
at org.testng.internal.TestInvoker.invokeTestMethods(TestInvoker.java:146)
at org.testng.internal.TestMethodWorker.invokeTestMethods(TestMethodWorker.java:146)
at org.testng.internal.TestMethodWorker.run(TestMethodWorker.java:128)
at java.base/java.util.ArrayList.forEach(ArrayList.java:1511)
at org.testng.TestRunner.privateRun(TestRunner.java:794)
at org.testng.TestRunner.run(TestRunner.java:596)
at org.testng.SuiteRunner.runTest(SuiteRunner.java:377)
at org.testng.SuiteRunner.runSequentially(SuiteRunner.java:371)
at org.testng.SuiteRunner.privateRun(SuiteRunner.java:332)
at org.testng.SuiteRunner.run(SuiteRunner.java:276)
at org.testng.SuiteRunnerWorker.runSuite(SuiteRunnerWorker.java:53)
at org.testng.SuiteRunnerWorker.run(SuiteRunnerWorker.java:96)
at org.testng.TestNG.runSuitesSequentially(TestNG.java:1212)
at org.testng.TestNG.runSuitesLocally(TestNG.java:1134)
at org.testng.TestNG.runSuites(TestNG.java:1063)
at org.testng.TestNG.run(TestNG.java:1031)
at org.testng.remote.AbstractRemoteTestNG.run(AbstractRemoteTestNG.java:115)
at org.testng.remote.RemoteTestNG.initAndRun(RemoteTestNG.java:251)
at org.testng.remote.RemoteTestNG.main(RemoteTestNG.java:77)
]]>
    </failure>
  </testcase> <!-- Test_mamaearth_category_Ingredient_Bhringmla_launching -->
  <system-out/>
  <testcase classname="com.mamaearth.TestCase.TC_VerifyAllCategories" name="Test_mamaearth_category_Ingredient_Charcoal_launching" time="1.265"/>
  <system-out/>
  <testcase classname="com.mamaearth.TestCase.TC_VerifyAllCategories" name="Test_mamaearth_category_Ingredient_Coco_launching" time="1.264"/>
  <system-out/>
  <testcase classname="com.mamaearth.TestCase.TC_VerifyAllCategories" name="Test_mamaearth_category_Ingredient_Argan_launching" time="1.228"/>
  <system-out/>
  <testcase classname="com.mamaearth.TestCase.TC_VerifyAllCategories" name="Test_mamaearth_category_Ingredient_AppleCiderVinegar_launching" time="1.290"/>
  <system-out/>
  <testcase classname="com.mamaearth.TestCase.TC_VerifyAllCategories" name="Test_mamaearth_category_Ingredient_Retinol_launching" time="1.227"/>
  <system-out/>
  <testcase classname="com.mamaearth.TestCase.TC_VerifyAllCategories" name="Test_mamaearth_category_Ingredient_HoneyMalai_launching" time="1.304"/>
  <system-out/>
  <testcase classname="com.mamaearth.TestCase.TC_VerifyAllCategories" name="Test_mamaearth_category_Baby_launching" time="1.789"/>
  <system-out/>
  <testcase classname="com.mamaearth.TestCase.TC_VerifyAllCategories" name="Test_mamaearth_category_Baby__BabyShampoo_launching" time="1.273"/>
  <system-out/>
  <testcase classname="com.mamaearth.TestCase.TC_VerifyAllCategories" name="Test_mamaearth_category_Baby__BabyOralcare_launching" time="1.116"/>
  <system-out/>
  <testcase classname="com.mamaearth.TestCase.TC_VerifyAllCategories" name="Test_mamaearth_category_Baby__BabyOil_launching" time="1.041"/>
  <system-out/>
  <testcase classname="com.mamaearth.TestCase.TC_VerifyAllCategories" name="Test_mamaearth_category_Baby__BabySkin_launching" time="0.942"/>
  <system-out/>
  <testcase classname="com.mamaearth.TestCase.TC_VerifyAllCategories" name="Test_mamaearth_category_Baby__BabyBath_launching" time="1.198"/>
  <system-out/>
  <testcase classname="com.mamaearth.TestCase.TC_VerifyAllCategories" name="Test_mamaearth_category_Baby__BabyBodyLotion_launching" time="1.107"/>
  <system-out/>
</testsuite> <!-- com.mamaearth.TestCase.TC_VerifyAllCategories -->
