<?xml version="1.0" encoding="UTF-8"?>
<!-- Generated by org.testng.reporters.JUnitReportReporter -->
<testsuite hostname="ip-192-168-3-50.ap-south-1.compute.internal" failures="0" tests="1" name="com.mamaearth.TestCase.TC_SearchingAndAlgolia" time="14.690" errors="0" timestamp="2023-02-06T15:52:53 IST" skipped="0">
  <testcase classname="com.mamaearth.TestCase.TC_SearchingAndAlgolia" name="TC1" time="14.690"/>
  <system-out/>
</testsuite> <!-- com.mamaearth.TestCase.TC_SearchingAndAlgolia -->
