<?xml version="1.0" encoding="UTF-8"?>
<!-- Generated by org.testng.reporters.JUnitReportReporter -->
<testsuite hostname="ip-192-168-0-100.ap-south-1.compute.internal" failures="0" tests="2" name="com.mamaearth.TestCase.TC_CheckcoutWithoutGI" time="74.579" errors="0" timestamp="2023-03-07T16:28:50 IST" skipped="0">
  <testcase classname="com.mamaearth.TestCase.TC_CheckcoutWithoutGI" name="Test_GuestUser_WithCoupon_withoutGI_COD" time="37.722"/>
  <system-out/>
  <testcase classname="com.mamaearth.TestCase.TC_CheckcoutWithoutGI" name="Test_GuestUser_WithoutCoupon_withoutGI_COD" time="36.857"/>
  <system-out/>
</testsuite> <!-- com.mamaearth.TestCase.TC_CheckcoutWithoutGI -->
