<?xml version="1.0" encoding="UTF-8"?>
<!-- Generated by org.testng.reporters.JUnitReportReporter -->
<testsuite hostname="Udit-078.local" failures="0" tests="1" name="com.mamaearth.TestCase.TC_SearchingAndAlgolia" time="14.151" errors="0" timestamp="2023-04-05T22:33:38 IST" skipped="0">
  <testcase classname="com.mamaearth.TestCase.TC_SearchingAndAlgolia" name="Test_Search_ProductSearch" time="14.151"/>
  <system-out/>
</testsuite> <!-- com.mamaearth.TestCase.TC_SearchingAndAlgolia -->
