<?xml version="1.0" encoding="UTF-8"?>
<!-- Generated by org.testng.reporters.JUnitReportReporter -->
<testsuite hostname="ip-192-168-0-101.ap-south-1.compute.internal" failures="0" tests="1" name="com.mamaearth.TestCase.TC_CheckcoutWithoutGI" time="36.404" errors="0" timestamp="2023-04-05T14:41:47 IST" skipped="0">
  <testcase classname="com.mamaearth.TestCase.TC_CheckcoutWithoutGI" name="Test_GuestUser_WithoutCoupon_withoutGI_COD" time="36.404"/>
  <system-out/>
</testsuite> <!-- com.mamaearth.TestCase.TC_CheckcoutWithoutGI -->
