<?xml version="1.0" encoding="UTF-8"?>
<!-- Generated by org.testng.reporters.JUnitReportReporter -->
<testsuite hostname="Udit-078.local" failures="0" tests="1" name="com.mamaearth.TestCase.TC_CheckcoutWithoutGI" time="33.855" errors="0" timestamp="2023-02-22T11:38:45 IST" skipped="0">
  <testcase classname="com.mamaearth.TestCase.TC_CheckcoutWithoutGI" name="TC_001" time="33.855"/>
  <system-out/>
</testsuite> <!-- com.mamaearth.TestCase.TC_CheckcoutWithoutGI -->
