<?xml version="1.0" encoding="UTF-8"?>
<!-- Generated by org.testng.reporters.JUnitReportReporter -->
<testsuite hostname="ip-192-168-0-103.ap-south-1.compute.internal" failures="0" tests="7" name="com.mamaearth.TestCase.TC_StaticPagesVerification" time="145.607" errors="0" timestamp="2023-04-11T17:03:17 IST" skipped="0">
  <testcase classname="com.mamaearth.TestCase.TC_StaticPagesVerification" name="Test_mamaearth_PrivacyPolicy_Page" time="33.380"/>
  <system-out/>
  <testcase classname="com.mamaearth.TestCase.TC_StaticPagesVerification" name="Test_mamaearth_Returns_Page" time="16.487"/>
  <system-out/>
  <testcase classname="com.mamaearth.TestCase.TC_StaticPagesVerification" name="Test_mamaearth_TermsAndConditions_Page" time="15.070"/>
  <system-out/>
  <testcase classname="com.mamaearth.TestCase.TC_StaticPagesVerification" name="Test_mamaearth_TermsAndConditionsAndCashback_Page" time="29.245"/>
  <system-out/>
  <testcase classname="com.mamaearth.TestCase.TC_StaticPagesVerification" name="Test_mamaearth_FAQs_Page" time="18.113"/>
  <system-out/>
  <testcase classname="com.mamaearth.TestCase.TC_StaticPagesVerification" name="Test_mamaearth_WeAreSafe_Page" time="13.990"/>
  <system-out/>
  <testcase classname="com.mamaearth.TestCase.TC_StaticPagesVerification" name="Test_mamaearth_AboutUS_Page" time="19.322"/>
  <system-out/>
</testsuite> <!-- com.mamaearth.TestCase.TC_StaticPagesVerification -->
