<?xml version="1.0" encoding="UTF-8"?>
<!-- Generated by org.testng.reporters.JUnitReportReporter -->
<testsuite hostname="Udit-078.local" failures="0" tests="1" name="com.mamaearth.TestCase.TC_SearchingAndAlgolia" time="14.294" errors="0" timestamp="2023-02-22T11:37:40 IST" skipped="0">
  <testcase classname="com.mamaearth.TestCase.TC_SearchingAndAlgolia" name="TC1" time="14.294"/>
  <system-out/>
</testsuite> <!-- com.mamaearth.TestCase.TC_SearchingAndAlgolia -->
