<?xml version="1.0" encoding="UTF-8"?>
<!-- Generated by org.testng.reporters.JUnitReportReporter -->
<testsuite hostname="HONASAs-MacBook-Pro.local" failures="0" tests="1" name="com.mamaearth.TestCase.TC_CheckcoutWithoutGI" time="36.100" errors="0" timestamp="2023-01-23T17:19:33 IST" skipped="0">
  <testcase classname="com.mamaearth.TestCase.TC_CheckcoutWithoutGI" name="TC_001" time="36.100"/>
  <system-out/>
</testsuite> <!-- com.mamaearth.TestCase.TC_CheckcoutWithoutGI -->
